<?xml version="1.0" encoding="UTF-8"?>
<!-- Generated by org.testng.reporters.JUnitReportReporter -->
<testsuite skipped="0" hostname="LAPTOP-2IFEJBVE" name="com.qa.test.WeatherAPITest" tests="3" failures="0" timestamp="22 Apr 2021 11:19:59 GMT" time="2.402" errors="0">
  <testcase name="validateResponseCodeTest" time="2.056" classname="com.qa.test.WeatherAPITest"/>
  <testcase name="validateLatitudeLongitudeTest" time="0.213" classname="com.qa.test.WeatherAPITest"/>
  <testcase name="validateWeatherDetailsTest" time="0.133" classname="com.qa.test.WeatherAPITest"/>
</testsuite> <!-- com.qa.test.WeatherAPITest -->
