<?xml version="1.0" encoding="UTF-8"?>
<!-- Generated by org.testng.reporters.JUnitReportReporter -->
<testsuite skipped="0" hostname="LAPTOP-2IFEJBVE" name="com.qa.test.WeatherAPITest2" tests="1" failures="0" timestamp="20 Apr 2021 11:38:52 GMT" time="2.850" errors="0">
  <testcase name="validateWeatherDetailsTest" time="2.850" classname="com.qa.test.WeatherAPITest2"/>
</testsuite> <!-- com.qa.test.WeatherAPITest2 -->
